TN:
SF:models/index.js
FNF:0
FNH:0
DA:9,1
DA:12,1
DA:13,1
DA:15,0
DA:18,1
DA:19,1
DA:21,1
LF:7
LH:6
BRDA:12,0,0,1
BRDA:12,0,1,0
BRF:2
BRH:1
end_of_record
TN:
SF:models/posts.js
FN:27,init
FNF:1
FNH:1
FNDA:1,init
DA:3,1
DA:28,1
DA:29,1
LF:3
LH:3
BRF:0
BRH:0
end_of_record
TN:
SF:src/controllers/factory.js
FN:11,(anonymous_0)
FN:15,(anonymous_1)
FN:25,(anonymous_2)
FN:32,(anonymous_3)
FN:43,(anonymous_4)
FNF:5
FNH:5
FNDA:2,(anonymous_0)
FNDA:2,(anonymous_1)
FNDA:10,(anonymous_2)
FNDA:2,(anonymous_3)
FNDA:1,(anonymous_4)
DA:6,2
DA:7,2
DA:9,2
DA:12,2
DA:16,2
DA:17,2
DA:20,2
DA:25,2
DA:26,10
DA:29,2
DA:33,2
DA:35,2
DA:37,2
DA:38,2
DA:40,2
DA:44,1
DA:45,1
DA:48,1
DA:50,1
LF:19
LH:19
BRDA:11,0,0,0
BRDA:11,1,0,0
BRDA:15,2,0,0
BRDA:16,3,0,2
BRDA:16,3,1,0
BRDA:26,4,0,10
BRDA:26,4,1,6
BRDA:43,5,0,0
BRDA:44,6,0,1
BRDA:44,6,1,0
BRF:10
BRH:4
end_of_record
