TN:
SF:models/index.js
FNF:0
FNH:0
DA:8,1
DA:10,1
DA:12,1
DA:13,1
DA:15,1
LF:5
LH:5
BRF:0
BRH:0
end_of_record
TN:
SF:models/posts.js
FN:14,init
FNF:1
FNH:1
FNDA:1,init
DA:3,1
DA:15,1
LF:2
LH:2
BRF:0
BRH:0
end_of_record
TN:
SF:src/controllers/factory.js
FN:9,(anonymous_0)
FN:13,(anonymous_1)
FN:18,(anonymous_2)
FN:31,(anonymous_3)
FN:41,(anonymous_4)
FNF:5
FNH:5
FNDA:3,(anonymous_0)
FNDA:2,(anonymous_1)
FNDA:4,(anonymous_2)
FNDA:2,(anonymous_3)
FNDA:1,(anonymous_4)
DA:4,3
DA:5,3
DA:7,3
DA:10,3
DA:14,2
DA:15,2
DA:18,2
DA:19,4
DA:24,2
DA:32,2
DA:33,2
DA:35,2
DA:37,2
DA:38,2
DA:42,1
DA:43,1
DA:46,1
LF:17
LH:17
BRDA:9,0,0,1
BRDA:9,1,0,1
BRDA:13,2,0,0
BRDA:14,3,0,2
BRDA:14,3,1,0
BRDA:20,4,0,4
BRDA:20,4,1,0
BRDA:41,5,0,0
BRDA:42,6,0,1
BRDA:42,6,1,0
BRF:10
BRH:5
end_of_record
